#
# There is insufficient memory for the Java Runtime Environment to continue.
# Native memory allocation (malloc) failed to allocate 872624 bytes. Error detail: Chunk::new
# Possible reasons:
#   The system is out of physical RAM or swap space
#   This process is running with CompressedOops enabled, and the Java Heap may be blocking the growth of the native heap
# Possible solutions:
#   Reduce memory load on the system
#   Increase physical memory or swap space
#   Check if swap backing store is full
#   Decrease Java heap size (-Xmx/-Xms)
#   Decrease number of Java threads
#   Decrease Java thread stack sizes (-Xss)
#   Set larger code cache with -XX:ReservedCodeCacheSize=
#   JVM is running with Unscaled Compressed Oops mode in which the Java heap is
#     placed in the first 4GB address space. The Java Heap base address is the
#     maximum limit for the native heap growth. Please use -XX:HeapBaseMinAddress
#     to set the Java Heap base and to place the Java Heap above 4GB virtual address.
# This output file may be truncated or incomplete.
#
#  Out of Memory Error (arena.cpp:168), pid=21780, tid=11132
#
# JRE version: OpenJDK Runtime Environment Temurin-21.0.7+6 (21.0.7+6) (build 21.0.7+6-LTS)
# Java VM: OpenJDK 64-Bit Server VM Temurin-21.0.7+6 (21.0.7+6-LTS, mixed mode, sharing, tiered, compressed oops, compressed class ptrs, parallel gc, windows-amd64)
# No core dump will be written. Minidumps are not enabled by default on client versions of Windows
#

---------------  S U M M A R Y ------------

Command Line: --add-modules=ALL-SYSTEM --add-opens=java.base/java.util=ALL-UNNAMED --add-opens=java.base/java.lang=ALL-UNNAMED --add-opens=java.base/sun.nio.fs=ALL-UNNAMED -Declipse.application=org.eclipse.jdt.ls.core.id1 -Dosgi.bundles.defaultStartLevel=4 -Declipse.product=org.eclipse.jdt.ls.core.product -Djava.import.generatesMetadataFilesAtProjectRoot=false -DDetectVMInstallationsJob.disabled=true -Dfile.encoding=utf8 -XX:+UseParallelGC -XX:GCTimeRatio=4 -XX:AdaptiveSizePolicyWeight=90 -Dsun.zip.disableMemoryMapping=true -Xmx1G -Xms100m -Xlog:disable -javaagent:c:\Users\Designe\.vscode\extensions\redhat.java-1.42.0-win32-x64\lombok\lombok-1.18.36.jar -XX:+HeapDumpOnOutOfMemoryError -XX:HeapDumpPath=c:\Users\Designe\AppData\Roaming\Code\User\workspaceStorage\6efcd2d1822e5b16af213a956b87a69c\redhat.java -Daether.dependencyCollector.impl=bf c:\Users\Designe\.vscode\extensions\redhat.java-1.42.0-win32-x64\server\plugins\org.eclipse.equinox.launcher_1.7.0.v20250424-1814.jar -configuration c:\Users\Designe\AppData\Roaming\Code\User\globalStorage\redhat.java\1.42.0\config_win -data c:\Users\Designe\AppData\Roaming\Code\User\workspaceStorage\6efcd2d1822e5b16af213a956b87a69c\redhat.java\jdt_ws --pipe=\\.\pipe\lsp-8528515eda329ecfd4bc7ea40d83011b-sock

Host: Intel(R) Core(TM) i5-10400 CPU @ 2.90GHz, 12 cores, 7G,  Windows 11 , 64 bit Build 22621 (10.0.22621.5262)
Time: Wed May 21 15:06:48 2025 Hora oficial do Brasil elapsed time: 8.778948 seconds (0d 0h 0m 8s)

---------------  T H R E A D  ---------------

Current thread (0x000001f5025016b0):  JavaThread "C2 CompilerThread0" daemon [_thread_in_native, id=11132, stack(0x000000042b500000,0x000000042b600000) (1024K)]


Current CompileTask:
C2:8779 5835       4       java.lang.invoke.MethodType::makeImpl (109 bytes)

Stack: [0x000000042b500000,0x000000042b600000]
Native frames: (J=compiled Java code, j=interpreted, Vv=VM code, C=native code)
V  [jvm.dll+0x6ce119]
V  [jvm.dll+0x8a84a1]
V  [jvm.dll+0x8aa9ce]
V  [jvm.dll+0x8ab0b3]
V  [jvm.dll+0x27f8a6]
V  [jvm.dll+0xc507d]
V  [jvm.dll+0xc55b3]
V  [jvm.dll+0x3b692c]
V  [jvm.dll+0x382aa5]
V  [jvm.dll+0x381f0a]
V  [jvm.dll+0x247af0]
V  [jvm.dll+0x2470cf]
V  [jvm.dll+0x1c760e]
V  [jvm.dll+0x25695a]
V  [jvm.dll+0x254efa]
V  [jvm.dll+0x3f03f6]
V  [jvm.dll+0x851f6b]
V  [jvm.dll+0x6cc7dd]
C  [ucrtbase.dll+0x29333]
C  [KERNEL32.DLL+0x1259d]
C  [ntdll.dll+0x5af58]


---------------  P R O C E S S  ---------------

Threads class SMR info:
_java_thread_list=0x000001f561d9fe70, length=48, elements={
0x000001f5024510f0, 0x000001f5188ae530, 0x000001f5024f3e80, 0x000001f5024f6120,
0x000001f5024f7030, 0x000001f5024fd3d0, 0x000001f502500360, 0x000001f5025016b0,
0x000001f50250c2c0, 0x000001f55aebc010, 0x000001f55b147160, 0x000001f5602b5810,
0x000001f5609b3340, 0x000001f5607d51f0, 0x000001f5607d46a0, 0x000001f560c58fd0,
0x000001f560c58940, 0x000001f560c59660, 0x000001f560c59cf0, 0x000001f560c582b0,
0x000001f560c5a380, 0x000001f560c5aa10, 0x000001f560c5b730, 0x000001f560162a50,
0x000001f560166560, 0x000001f5601623c0, 0x000001f560164490, 0x000001f560163e00,
0x000001f56015fc60, 0x000001f5601616a0, 0x000001f560165ed0, 0x000001f560164b20,
0x000001f560166bf0, 0x000001f560161d30, 0x000001f560163770, 0x000001f5601651b0,
0x000001f560165840, 0x000001f560167280, 0x000001f5601602f0, 0x000001f560160980,
0x000001f560161010, 0x000001f5601630e0, 0x000001f561e99520, 0x000001f561e9f100,
0x000001f561e99bb0, 0x000001f561e9d6c0, 0x000001f561e9bc80, 0x000001f561e9a240
}

Java Threads: ( => current thread )
  0x000001f5024510f0 JavaThread "main"                              [_thread_blocked, id=13052, stack(0x000000042ab00000,0x000000042ac00000) (1024K)]
  0x000001f5188ae530 JavaThread "Reference Handler"          daemon [_thread_blocked, id=21916, stack(0x000000042af00000,0x000000042b000000) (1024K)]
  0x000001f5024f3e80 JavaThread "Finalizer"                  daemon [_thread_blocked, id=11208, stack(0x000000042b000000,0x000000042b100000) (1024K)]
  0x000001f5024f6120 JavaThread "Signal Dispatcher"          daemon [_thread_blocked, id=14384, stack(0x000000042b100000,0x000000042b200000) (1024K)]
  0x000001f5024f7030 JavaThread "Attach Listener"            daemon [_thread_blocked, id=7152, stack(0x000000042b200000,0x000000042b300000) (1024K)]
  0x000001f5024fd3d0 JavaThread "Service Thread"             daemon [_thread_blocked, id=15200, stack(0x000000042b300000,0x000000042b400000) (1024K)]
  0x000001f502500360 JavaThread "Monitor Deflation Thread"   daemon [_thread_blocked, id=12728, stack(0x000000042b400000,0x000000042b500000) (1024K)]
=>0x000001f5025016b0 JavaThread "C2 CompilerThread0"         daemon [_thread_in_native, id=11132, stack(0x000000042b500000,0x000000042b600000) (1024K)]
  0x000001f50250c2c0 JavaThread "C1 CompilerThread0"         daemon [_thread_blocked, id=21712, stack(0x000000042b600000,0x000000042b700000) (1024K)]
  0x000001f55aebc010 JavaThread "Common-Cleaner"             daemon [_thread_blocked, id=21744, stack(0x000000042b700000,0x000000042b800000) (1024K)]
  0x000001f55b147160 JavaThread "Notification Thread"        daemon [_thread_blocked, id=12924, stack(0x000000042b800000,0x000000042b900000) (1024K)]
  0x000001f5602b5810 JavaThread "Active Thread: Equinox Container: 0c50ced6-0b72-4067-9fb7-2f423caf3009"        [_thread_blocked, id=22448, stack(0x000000042bf00000,0x000000042c000000) (1024K)]
  0x000001f5609b3340 JavaThread "Refresh Thread: Equinox Container: 0c50ced6-0b72-4067-9fb7-2f423caf3009" daemon [_thread_blocked, id=22252, stack(0x000000042c100000,0x000000042c200000) (1024K)]
  0x000001f5607d51f0 JavaThread "Framework Event Dispatcher: Equinox Container: 0c50ced6-0b72-4067-9fb7-2f423caf3009" daemon [_thread_blocked, id=21604, stack(0x000000042c200000,0x000000042c300000) (1024K)]
  0x000001f5607d46a0 JavaThread "Start Level: Equinox Container: 0c50ced6-0b72-4067-9fb7-2f423caf3009" daemon [_thread_blocked, id=21600, stack(0x000000042c300000,0x000000042c400000) (1024K)]
  0x000001f560c58fd0 JavaThread "Bundle File Closer"         daemon [_thread_blocked, id=15856, stack(0x000000042c600000,0x000000042c700000) (1024K)]
  0x000001f560c58940 JavaThread "SCR Component Actor"        daemon [_thread_blocked, id=20840, stack(0x000000042c700000,0x000000042c800000) (1024K)]
  0x000001f560c59660 JavaThread "SCR Component Registry"     daemon [_thread_blocked, id=22208, stack(0x000000042c800000,0x000000042c900000) (1024K)]
  0x000001f560c59cf0 JavaThread "Worker-JM"                         [_thread_blocked, id=17052, stack(0x000000042c900000,0x000000042ca00000) (1024K)]
  0x000001f560c582b0 JavaThread "Worker-0"                          [_thread_blocked, id=18116, stack(0x000000042ca00000,0x000000042cb00000) (1024K)]
  0x000001f560c5a380 JavaThread "Worker-1"                          [_thread_blocked, id=20676, stack(0x000000042cb00000,0x000000042cc00000) (1024K)]
  0x000001f560c5aa10 JavaThread "Java indexing"              daemon [_thread_blocked, id=13372, stack(0x000000042cc00000,0x000000042cd00000) (1024K)]
  0x000001f560c5b730 JavaThread "Worker-2"                          [_thread_blocked, id=19988, stack(0x000000042cd00000,0x000000042ce00000) (1024K)]
  0x000001f560162a50 JavaThread "Worker-3"                          [_thread_blocked, id=22500, stack(0x000000042ce00000,0x000000042cf00000) (1024K)]
  0x000001f560166560 JavaThread "JNA Cleaner"                daemon [_thread_blocked, id=21580, stack(0x000000042cf00000,0x000000042d000000) (1024K)]
  0x000001f5601623c0 JavaThread "Worker-4"                          [_thread_blocked, id=14192, stack(0x000000042d200000,0x000000042d300000) (1024K)]
  0x000001f560164490 JavaThread "Worker-5"                          [_thread_blocked, id=21996, stack(0x000000042d300000,0x000000042d400000) (1024K)]
  0x000001f560163e00 JavaThread "Thread-2"                   daemon [_thread_in_native, id=1904, stack(0x000000042d400000,0x000000042d500000) (1024K)]
  0x000001f56015fc60 JavaThread "Thread-3"                   daemon [_thread_in_native, id=3396, stack(0x000000042d500000,0x000000042d600000) (1024K)]
  0x000001f5601616a0 JavaThread "Thread-4"                   daemon [_thread_in_native, id=20884, stack(0x000000042d600000,0x000000042d700000) (1024K)]
  0x000001f560165ed0 JavaThread "Thread-5"                   daemon [_thread_in_native, id=2976, stack(0x000000042d700000,0x000000042d800000) (1024K)]
  0x000001f560164b20 JavaThread "Thread-6"                   daemon [_thread_in_native, id=21728, stack(0x000000042d800000,0x000000042d900000) (1024K)]
  0x000001f560166bf0 JavaThread "Thread-7"                   daemon [_thread_in_native, id=20240, stack(0x000000042d900000,0x000000042da00000) (1024K)]
  0x000001f560161d30 JavaThread "Thread-8"                   daemon [_thread_in_native, id=9368, stack(0x000000042da00000,0x000000042db00000) (1024K)]
  0x000001f560163770 JavaThread "Thread-9"                   daemon [_thread_in_native, id=21100, stack(0x000000042db00000,0x000000042dc00000) (1024K)]
  0x000001f5601651b0 JavaThread "Thread-10"                  daemon [_thread_in_native, id=20684, stack(0x000000042dc00000,0x000000042dd00000) (1024K)]
  0x000001f560165840 JavaThread "Thread-11"                  daemon [_thread_in_native, id=8356, stack(0x000000042dd00000,0x000000042de00000) (1024K)]
  0x000001f560167280 JavaThread "Thread-12"                  daemon [_thread_in_native, id=14284, stack(0x000000042de00000,0x000000042df00000) (1024K)]
  0x000001f5601602f0 JavaThread "Thread-13"                  daemon [_thread_in_native, id=21772, stack(0x000000042df00000,0x000000042e000000) (1024K)]
  0x000001f560160980 JavaThread "Thread-14"                  daemon [_thread_in_native, id=13092, stack(0x000000042e000000,0x000000042e100000) (1024K)]
  0x000001f560161010 JavaThread "pool-2-thread-1"                   [_thread_blocked, id=21768, stack(0x000000042e100000,0x000000042e200000) (1024K)]
  0x000001f5601630e0 JavaThread "WorkspaceEventsHandler"            [_thread_blocked, id=20664, stack(0x000000042e200000,0x000000042e300000) (1024K)]
  0x000001f561e99520 JavaThread "pool-1-thread-1"                   [_thread_blocked, id=19820, stack(0x000000042e300000,0x000000042e400000) (1024K)]
  0x000001f561e9f100 JavaThread "ForkJoinPool.commonPool-worker-1" daemon [_thread_blocked, id=22000, stack(0x000000042e400000,0x000000042e500000) (1024K)]
  0x000001f561e99bb0 JavaThread "ForkJoinPool.commonPool-worker-2" daemon [_thread_blocked, id=21920, stack(0x000000042e500000,0x000000042e600000) (1024K)]
  0x000001f561e9d6c0 JavaThread "ForkJoinPool.commonPool-worker-3" daemon [_thread_blocked, id=7148, stack(0x000000042e600000,0x000000042e700000) (1024K)]
  0x000001f561e9bc80 JavaThread "ForkJoinPool.commonPool-worker-4" daemon [_thread_blocked, id=21788, stack(0x000000042e700000,0x000000042e800000) (1024K)]
  0x000001f561e9a240 JavaThread "ForkJoinPool.commonPool-worker-5" daemon [_thread_blocked, id=21676, stack(0x000000042e800000,0x000000042e900000) (1024K)]
Total: 48

Other Threads:
  0x000001f5024f2c20 VMThread "VM Thread"                           [id=21908, stack(0x000000042ae00000,0x000000042af00000) (1024K)]
  0x000001f51878ca10 WatcherThread "VM Periodic Task Thread"        [id=21364, stack(0x000000042ad00000,0x000000042ae00000) (1024K)]
  0x000001f50246e470 WorkerThread "GC Thread#0"                     [id=8728, stack(0x000000042ac00000,0x000000042ad00000) (1024K)]
  0x000001f55b161900 WorkerThread "GC Thread#1"                     [id=22132, stack(0x000000042b900000,0x000000042ba00000) (1024K)]
  0x000001f560185a40 WorkerThread "GC Thread#2"                     [id=15772, stack(0x000000042ba00000,0x000000042bb00000) (1024K)]
  0x000001f560256cf0 WorkerThread "GC Thread#3"                     [id=6852, stack(0x000000042bb00000,0x000000042bc00000) (1024K)]
  0x000001f5600f9b30 WorkerThread "GC Thread#4"                     [id=15020, stack(0x000000042bc00000,0x000000042bd00000) (1024K)]
  0x000001f5600f9ed0 WorkerThread "GC Thread#5"                     [id=1836, stack(0x000000042bd00000,0x000000042be00000) (1024K)]
  0x000001f5600fa270 WorkerThread "GC Thread#6"                     [id=15244, stack(0x000000042be00000,0x000000042bf00000) (1024K)]
  0x000001f56061b870 WorkerThread "GC Thread#7"                     [id=22260, stack(0x000000042c000000,0x000000042c100000) (1024K)]
  0x000001f560fb31f0 WorkerThread "GC Thread#8"                     [id=13388, stack(0x000000042c400000,0x000000042c500000) (1024K)]
  0x000001f560acc260 WorkerThread "GC Thread#9"                     [id=9280, stack(0x000000042c500000,0x000000042c600000) (1024K)]
Total: 12

Threads with active compile tasks:
C2 CompilerThread0  8805 5835       4       java.lang.invoke.MethodType::makeImpl (109 bytes)
Total: 1

VM state: not at safepoint (normal execution)

VM Mutex/Monitor currently owned by a thread: None

Heap address: 0x00000000c0000000, size: 1024 MB, Compressed Oops mode: 32-bit

CDS archive(s) mapped at: [0x000001f519000000-0x000001f519ba0000-0x000001f519ba0000), size 12189696, SharedBaseAddress: 0x000001f519000000, ArchiveRelocationMode: 1.
Compressed class space mapped at: 0x000001f51a000000-0x000001f55a000000, reserved size: 1073741824
Narrow klass base: 0x000001f519000000, Narrow klass shift: 0, Narrow klass range: 0x100000000

GC Precious Log:
 CardTable entry size: 512
 CPUs: 12 total, 12 available
 Memory: 7854M
 Large Page Support: Disabled
 NUMA Support: Disabled
 Compressed Oops: Enabled (32-bit)
 Alignments: Space 512K, Generation 512K, Heap 2M
 Heap Min Capacity: 100M
 Heap Initial Capacity: 100M
 Heap Max Capacity: 1G
 Pre-touch: Disabled
 Parallel Workers: 10

Heap:
 PSYoungGen      total 24576K, used 18899K [0x00000000eab00000, 0x00000000ec700000, 0x0000000100000000)
  eden space 22016K, 80% used [0x00000000eab00000,0x00000000ebc40dc0,0x00000000ec080000)
  from space 2560K, 48% used [0x00000000ec280000,0x00000000ec3b4010,0x00000000ec500000)
  to   space 1536K, 0% used [0x00000000ec580000,0x00000000ec580000,0x00000000ec700000)
 ParOldGen       total 68608K, used 21089K [0x00000000c0000000, 0x00000000c4300000, 0x00000000eab00000)
  object space 68608K, 30% used [0x00000000c0000000,0x00000000c14985c8,0x00000000c4300000)
 Metaspace       used 45709K, committed 46848K, reserved 1114112K
  class space    used 4895K, committed 5376K, reserved 1048576K

Card table byte_map: [0x000001f516120000,0x000001f516330000] _byte_map_base: 0x000001f515b20000

Marking Bits: (ParMarkBitMap*) 0x00007ffc959031f0
 Begin Bits: [0x000001f516490000, 0x000001f517490000)
 End Bits:   [0x000001f517490000, 0x000001f518490000)

Polling page: 0x000001f506f10000

Metaspace:

Usage:
  Non-class:     39.86 MB used.
      Class:      4.78 MB used.
       Both:     44.64 MB used.

Virtual space:
  Non-class space:       64.00 MB reserved,      40.50 MB ( 63%) committed,  1 nodes.
      Class space:        1.00 GB reserved,       5.25 MB ( <1%) committed,  1 nodes.
             Both:        1.06 GB reserved,      45.75 MB (  4%) committed. 

Chunk freelists:
   Non-Class:  7.44 MB
       Class:  10.71 MB
        Both:  18.16 MB

MaxMetaspaceSize: unlimited
CompressedClassSpaceSize: 1.00 GB
Initial GC threshold: 21.00 MB
Current GC threshold: 58.38 MB
CDS: on
 - commit_granule_bytes: 65536.
 - commit_granule_words: 8192.
 - virtual_space_node_default_size: 8388608.
 - enlarge_chunks_in_place: 1.
 - use_allocation_guard: 0.


Internal statistics:

num_allocs_failed_limit: 6.
num_arena_births: 786.
num_arena_deaths: 14.
num_vsnodes_births: 2.
num_vsnodes_deaths: 0.
num_space_committed: 732.
num_space_uncommitted: 0.
num_chunks_returned_to_freelist: 20.
num_chunks_taken_from_freelist: 2767.
num_chunk_merges: 9.
num_chunk_splits: 1784.
num_chunks_enlarged: 1079.
num_inconsistent_stats: 0.

CodeHeap 'non-profiled nmethods': size=120000Kb used=2458Kb max_used=2458Kb free=117541Kb
 bounds [0x000001f50ea00000, 0x000001f50ec70000, 0x000001f515f30000]
CodeHeap 'profiled nmethods': size=120000Kb used=10825Kb max_used=10825Kb free=109174Kb
 bounds [0x000001f506f30000, 0x000001f5079d0000, 0x000001f50e460000]
CodeHeap 'non-nmethods': size=5760Kb used=1364Kb max_used=1444Kb free=4395Kb
 bounds [0x000001f50e460000, 0x000001f50e6d0000, 0x000001f50ea00000]
 total_blobs=6108 nmethods=5447 adapters=567
 compilation: enabled
              stopped_count=0, restarted_count=0
 full_count=0

Compilation events (20 events):
Event: 8.740 Thread 0x000001f50250c2c0 6020       2       java.util.stream.FindOps$FindSink$OfRef::get (19 bytes)
Event: 8.741 Thread 0x000001f50250c2c0 nmethod 6020 0x000001f5079bf390 code [0x000001f5079bf540, 0x000001f5079bf7c0]
Event: 8.751 Thread 0x000001f50250c2c0 6021       3       java.lang.reflect.Constructor::getParameterTypes (11 bytes)
Event: 8.752 Thread 0x000001f50250c2c0 nmethod 6021 0x000001f5079bf910 code [0x000001f5079bfac0, 0x000001f5079bfd88]
Event: 8.752 Thread 0x000001f50250c2c0 6022       2       java.util.LinkedHashMap::afterNodeInsertion (40 bytes)
Event: 8.752 Thread 0x000001f50250c2c0 nmethod 6022 0x000001f5079bfe90 code [0x000001f5079c0060, 0x000001f5079c0270]
Event: 8.757 Thread 0x000001f50250c2c0 6023       2       java.lang.Short::<init> (10 bytes)
Event: 8.757 Thread 0x000001f50250c2c0 nmethod 6023 0x000001f5079c0390 code [0x000001f5079c0520, 0x000001f5079c0628]
Event: 8.757 Thread 0x000001f50250c2c0 6024       2       java.util.concurrent.locks.AbstractQueuedSynchronizer::acquire (20 bytes)
Event: 8.757 Thread 0x000001f50250c2c0 nmethod 6024 0x000001f5079c0710 code [0x000001f5079c08c0, 0x000001f5079c0a60]
Event: 8.758 Thread 0x000001f50250c2c0 6025       2       java.lang.invoke.LambdaForm$MH/0x000001f51a210000::invoke (37 bytes)
Event: 8.758 Thread 0x000001f50250c2c0 nmethod 6025 0x000001f5079c0b10 code [0x000001f5079c0ce0, 0x000001f5079c0f80]
Event: 8.758 Thread 0x000001f50250c2c0 6026       2       java.lang.Class::getField0 (99 bytes)
Event: 8.758 Thread 0x000001f50250c2c0 nmethod 6026 0x000001f5079c1190 code [0x000001f5079c13a0, 0x000001f5079c1710]
Event: 8.763 Thread 0x000001f50250c2c0 6027       2       org.eclipse.core.runtime.Path::segmentCount (6 bytes)
Event: 8.763 Thread 0x000001f50250c2c0 nmethod 6027 0x000001f5079c1910 code [0x000001f5079c1aa0, 0x000001f5079c1bb0]
Event: 8.764 Thread 0x000001f50250c2c0 6028       2       java.io.File::getName (42 bytes)
Event: 8.764 Thread 0x000001f50250c2c0 nmethod 6028 0x000001f5079c1c90 code [0x000001f5079c1e80, 0x000001f5079c20e8]
Event: 8.765 Thread 0x000001f50250c2c0 6029       2       java.nio.file.FileSystems::getDefault (14 bytes)
Event: 8.765 Thread 0x000001f50250c2c0 nmethod 6029 0x000001f5079c2310 code [0x000001f5079c24c0, 0x000001f5079c2618]

GC Heap History (20 events):
Event: 4.654 GC heap before
{Heap before GC invocations=10 (full 1):
 PSYoungGen      total 28672K, used 24064K [0x00000000eab00000, 0x00000000ece80000, 0x0000000100000000)
  eden space 24064K, 100% used [0x00000000eab00000,0x00000000ec280000,0x00000000ec280000)
  from space 4608K, 0% used [0x00000000eca00000,0x00000000eca00000,0x00000000ece80000)
  to   space 5632K, 0% used [0x00000000ec380000,0x00000000ec380000,0x00000000ec900000)
 ParOldGen       total 68608K, used 13063K [0x00000000c0000000, 0x00000000c4300000, 0x00000000eab00000)
  object space 68608K, 19% used [0x00000000c0000000,0x00000000c0cc1df8,0x00000000c4300000)
 Metaspace       used 24548K, committed 25408K, reserved 1114112K
  class space    used 2348K, committed 2688K, reserved 1048576K
}
Event: 4.655 GC heap after
{Heap after GC invocations=10 (full 1):
 PSYoungGen      total 24064K, used 448K [0x00000000eab00000, 0x00000000eca80000, 0x0000000100000000)
  eden space 23552K, 0% used [0x00000000eab00000,0x00000000eab00000,0x00000000ec200000)
  from space 512K, 87% used [0x00000000ec380000,0x00000000ec3f0000,0x00000000ec400000)
  to   space 2560K, 0% used [0x00000000ec800000,0x00000000ec800000,0x00000000eca80000)
 ParOldGen       total 68608K, used 13063K [0x00000000c0000000, 0x00000000c4300000, 0x00000000eab00000)
  object space 68608K, 19% used [0x00000000c0000000,0x00000000c0cc1df8,0x00000000c4300000)
 Metaspace       used 24548K, committed 25408K, reserved 1114112K
  class space    used 2348K, committed 2688K, reserved 1048576K
}
Event: 4.815 GC heap before
{Heap before GC invocations=11 (full 1):
 PSYoungGen      total 24064K, used 24000K [0x00000000eab00000, 0x00000000eca80000, 0x0000000100000000)
  eden space 23552K, 100% used [0x00000000eab00000,0x00000000ec200000,0x00000000ec200000)
  from space 512K, 87% used [0x00000000ec380000,0x00000000ec3f0000,0x00000000ec400000)
  to   space 2560K, 0% used [0x00000000ec800000,0x00000000ec800000,0x00000000eca80000)
 ParOldGen       total 68608K, used 13063K [0x00000000c0000000, 0x00000000c4300000, 0x00000000eab00000)
  object space 68608K, 19% used [0x00000000c0000000,0x00000000c0cc1df8,0x00000000c4300000)
 Metaspace       used 25890K, committed 26688K, reserved 1114112K
  class space    used 2439K, committed 2752K, reserved 1048576K
}
Event: 4.817 GC heap after
{Heap after GC invocations=11 (full 1):
 PSYoungGen      total 25088K, used 2006K [0x00000000eab00000, 0x00000000eca00000, 0x0000000100000000)
  eden space 23040K, 0% used [0x00000000eab00000,0x00000000eab00000,0x00000000ec180000)
  from space 2048K, 97% used [0x00000000ec800000,0x00000000ec9f5b40,0x00000000eca00000)
  to   space 2560K, 0% used [0x00000000ec500000,0x00000000ec500000,0x00000000ec780000)
 ParOldGen       total 68608K, used 13852K [0x00000000c0000000, 0x00000000c4300000, 0x00000000eab00000)
  object space 68608K, 20% used [0x00000000c0000000,0x00000000c0d87308,0x00000000c4300000)
 Metaspace       used 25890K, committed 26688K, reserved 1114112K
  class space    used 2439K, committed 2752K, reserved 1048576K
}
Event: 6.744 GC heap before
{Heap before GC invocations=12 (full 1):
 PSYoungGen      total 25088K, used 25046K [0x00000000eab00000, 0x00000000eca00000, 0x0000000100000000)
  eden space 23040K, 99% used [0x00000000eab00000,0x00000000ec17fef0,0x00000000ec180000)
  from space 2048K, 97% used [0x00000000ec800000,0x00000000ec9f5b40,0x00000000eca00000)
  to   space 2560K, 0% used [0x00000000ec500000,0x00000000ec500000,0x00000000ec780000)
 ParOldGen       total 68608K, used 13852K [0x00000000c0000000, 0x00000000c4300000, 0x00000000eab00000)
  object space 68608K, 20% used [0x00000000c0000000,0x00000000c0d87308,0x00000000c4300000)
 Metaspace       used 29727K, committed 30784K, reserved 1114112K
  class space    used 2859K, committed 3328K, reserved 1048576K
}
Event: 6.746 GC heap after
{Heap after GC invocations=12 (full 1):
 PSYoungGen      total 24576K, used 1599K [0x00000000eab00000, 0x00000000ec880000, 0x0000000100000000)
  eden space 22528K, 0% used [0x00000000eab00000,0x00000000eab00000,0x00000000ec100000)
  from space 2048K, 78% used [0x00000000ec500000,0x00000000ec68fc08,0x00000000ec700000)
  to   space 1536K, 0% used [0x00000000ec700000,0x00000000ec700000,0x00000000ec880000)
 ParOldGen       total 68608K, used 15641K [0x00000000c0000000, 0x00000000c4300000, 0x00000000eab00000)
  object space 68608K, 22% used [0x00000000c0000000,0x00000000c0f46698,0x00000000c4300000)
 Metaspace       used 29727K, committed 30784K, reserved 1114112K
  class space    used 2859K, committed 3328K, reserved 1048576K
}
Event: 7.599 GC heap before
{Heap before GC invocations=13 (full 1):
 PSYoungGen      total 24576K, used 24127K [0x00000000eab00000, 0x00000000ec880000, 0x0000000100000000)
  eden space 22528K, 100% used [0x00000000eab00000,0x00000000ec100000,0x00000000ec100000)
  from space 2048K, 78% used [0x00000000ec500000,0x00000000ec68fc08,0x00000000ec700000)
  to   space 1536K, 0% used [0x00000000ec700000,0x00000000ec700000,0x00000000ec880000)
 ParOldGen       total 68608K, used 15641K [0x00000000c0000000, 0x00000000c4300000, 0x00000000eab00000)
  object space 68608K, 22% used [0x00000000c0000000,0x00000000c0f46698,0x00000000c4300000)
 Metaspace       used 32761K, committed 33856K, reserved 1114112K
  class space    used 3253K, committed 3712K, reserved 1048576K
}
Event: 7.600 GC heap after
{Heap after GC invocations=13 (full 1):
 PSYoungGen      total 23552K, used 1178K [0x00000000eab00000, 0x00000000ec880000, 0x0000000100000000)
  eden space 22016K, 0% used [0x00000000eab00000,0x00000000eab00000,0x00000000ec080000)
  from space 1536K, 76% used [0x00000000ec700000,0x00000000ec826950,0x00000000ec880000)
  to   space 1536K, 0% used [0x00000000ec580000,0x00000000ec580000,0x00000000ec700000)
 ParOldGen       total 68608K, used 17032K [0x00000000c0000000, 0x00000000c4300000, 0x00000000eab00000)
  object space 68608K, 24% used [0x00000000c0000000,0x00000000c10a2180,0x00000000c4300000)
 Metaspace       used 32761K, committed 33856K, reserved 1114112K
  class space    used 3253K, committed 3712K, reserved 1048576K
}
Event: 7.673 GC heap before
{Heap before GC invocations=14 (full 1):
 PSYoungGen      total 23552K, used 18536K [0x00000000eab00000, 0x00000000ec880000, 0x0000000100000000)
  eden space 22016K, 78% used [0x00000000eab00000,0x00000000ebbf3848,0x00000000ec080000)
  from space 1536K, 76% used [0x00000000ec700000,0x00000000ec826950,0x00000000ec880000)
  to   space 1536K, 0% used [0x00000000ec580000,0x00000000ec580000,0x00000000ec700000)
 ParOldGen       total 68608K, used 17032K [0x00000000c0000000, 0x00000000c4300000, 0x00000000eab00000)
  object space 68608K, 24% used [0x00000000c0000000,0x00000000c10a2180,0x00000000c4300000)
 Metaspace       used 34754K, committed 35840K, reserved 1114112K
  class space    used 3532K, committed 4032K, reserved 1048576K
}
Event: 7.674 GC heap after
{Heap after GC invocations=14 (full 1):
 PSYoungGen      total 23552K, used 1536K [0x00000000eab00000, 0x00000000ec780000, 0x0000000100000000)
  eden space 22016K, 0% used [0x00000000eab00000,0x00000000eab00000,0x00000000ec080000)
  from space 1536K, 100% used [0x00000000ec580000,0x00000000ec700000,0x00000000ec700000)
  to   space 512K, 0% used [0x00000000ec700000,0x00000000ec700000,0x00000000ec780000)
 ParOldGen       total 68608K, used 17792K [0x00000000c0000000, 0x00000000c4300000, 0x00000000eab00000)
  object space 68608K, 25% used [0x00000000c0000000,0x00000000c1160350,0x00000000c4300000)
 Metaspace       used 34754K, committed 35840K, reserved 1114112K
  class space    used 3532K, committed 4032K, reserved 1048576K
}
Event: 7.674 GC heap before
{Heap before GC invocations=15 (full 2):
 PSYoungGen      total 23552K, used 1536K [0x00000000eab00000, 0x00000000ec780000, 0x0000000100000000)
  eden space 22016K, 0% used [0x00000000eab00000,0x00000000eab00000,0x00000000ec080000)
  from space 1536K, 100% used [0x00000000ec580000,0x00000000ec700000,0x00000000ec700000)
  to   space 512K, 0% used [0x00000000ec700000,0x00000000ec700000,0x00000000ec780000)
 ParOldGen       total 68608K, used 17792K [0x00000000c0000000, 0x00000000c4300000, 0x00000000eab00000)
  object space 68608K, 25% used [0x00000000c0000000,0x00000000c1160350,0x00000000c4300000)
 Metaspace       used 34754K, committed 35840K, reserved 1114112K
  class space    used 3532K, committed 4032K, reserved 1048576K
}
Event: 7.696 GC heap after
{Heap after GC invocations=15 (full 2):
 PSYoungGen      total 23552K, used 0K [0x00000000eab00000, 0x00000000ec780000, 0x0000000100000000)
  eden space 22016K, 0% used [0x00000000eab00000,0x00000000eab00000,0x00000000ec080000)
  from space 1536K, 0% used [0x00000000ec580000,0x00000000ec580000,0x00000000ec700000)
  to   space 512K, 0% used [0x00000000ec700000,0x00000000ec700000,0x00000000ec780000)
 ParOldGen       total 68608K, used 18211K [0x00000000c0000000, 0x00000000c4300000, 0x00000000eab00000)
  object space 68608K, 26% used [0x00000000c0000000,0x00000000c11c8f38,0x00000000c4300000)
 Metaspace       used 34754K, committed 35840K, reserved 1114112K
  class space    used 3532K, committed 4032K, reserved 1048576K
}
Event: 7.926 GC heap before
{Heap before GC invocations=16 (full 2):
 PSYoungGen      total 23552K, used 22016K [0x00000000eab00000, 0x00000000ec780000, 0x0000000100000000)
  eden space 22016K, 100% used [0x00000000eab00000,0x00000000ec080000,0x00000000ec080000)
  from space 1536K, 0% used [0x00000000ec580000,0x00000000ec580000,0x00000000ec700000)
  to   space 512K, 0% used [0x00000000ec700000,0x00000000ec700000,0x00000000ec780000)
 ParOldGen       total 68608K, used 18211K [0x00000000c0000000, 0x00000000c4300000, 0x00000000eab00000)
  object space 68608K, 26% used [0x00000000c0000000,0x00000000c11c8f38,0x00000000c4300000)
 Metaspace       used 36238K, committed 37312K, reserved 1114112K
  class space    used 3726K, committed 4224K, reserved 1048576K
}
Event: 7.927 GC heap after
{Heap after GC invocations=16 (full 2):
 PSYoungGen      total 22528K, used 492K [0x00000000eab00000, 0x00000000ec780000, 0x0000000100000000)
  eden space 22016K, 0% used [0x00000000eab00000,0x00000000eab00000,0x00000000ec080000)
  from space 512K, 96% used [0x00000000ec700000,0x00000000ec77b078,0x00000000ec780000)
  to   space 1536K, 0% used [0x00000000ec480000,0x00000000ec480000,0x00000000ec600000)
 ParOldGen       total 68608K, used 18785K [0x00000000c0000000, 0x00000000c4300000, 0x00000000eab00000)
  object space 68608K, 27% used [0x00000000c0000000,0x00000000c1258578,0x00000000c4300000)
 Metaspace       used 36238K, committed 37312K, reserved 1114112K
  class space    used 3726K, committed 4224K, reserved 1048576K
}
Event: 8.098 GC heap before
{Heap before GC invocations=17 (full 2):
 PSYoungGen      total 22528K, used 22508K [0x00000000eab00000, 0x00000000ec780000, 0x0000000100000000)
  eden space 22016K, 100% used [0x00000000eab00000,0x00000000ec080000,0x00000000ec080000)
  from space 512K, 96% used [0x00000000ec700000,0x00000000ec77b078,0x00000000ec780000)
  to   space 1536K, 0% used [0x00000000ec480000,0x00000000ec480000,0x00000000ec600000)
 ParOldGen       total 68608K, used 18785K [0x00000000c0000000, 0x00000000c4300000, 0x00000000eab00000)
  object space 68608K, 27% used [0x00000000c0000000,0x00000000c1258578,0x00000000c4300000)
 Metaspace       used 38485K, committed 39616K, reserved 1114112K
  class space    used 4005K, committed 4544K, reserved 1048576K
}
Event: 8.099 GC heap after
{Heap after GC invocations=17 (full 2):
 PSYoungGen      total 23552K, used 768K [0x00000000eab00000, 0x00000000ec780000, 0x0000000100000000)
  eden space 22016K, 0% used [0x00000000eab00000,0x00000000eab00000,0x00000000ec080000)
  from space 1536K, 50% used [0x00000000ec480000,0x00000000ec540000,0x00000000ec600000)
  to   space 1024K, 0% used [0x00000000ec680000,0x00000000ec680000,0x00000000ec780000)
 ParOldGen       total 68608K, used 19217K [0x00000000c0000000, 0x00000000c4300000, 0x00000000eab00000)
  object space 68608K, 28% used [0x00000000c0000000,0x00000000c12c4588,0x00000000c4300000)
 Metaspace       used 38485K, committed 39616K, reserved 1114112K
  class space    used 4005K, committed 4544K, reserved 1048576K
}
Event: 8.281 GC heap before
{Heap before GC invocations=18 (full 2):
 PSYoungGen      total 23552K, used 22784K [0x00000000eab00000, 0x00000000ec780000, 0x0000000100000000)
  eden space 22016K, 100% used [0x00000000eab00000,0x00000000ec080000,0x00000000ec080000)
  from space 1536K, 50% used [0x00000000ec480000,0x00000000ec540000,0x00000000ec600000)
  to   space 1024K, 0% used [0x00000000ec680000,0x00000000ec680000,0x00000000ec780000)
 ParOldGen       total 68608K, used 19217K [0x00000000c0000000, 0x00000000c4300000, 0x00000000eab00000)
  object space 68608K, 28% used [0x00000000c0000000,0x00000000c12c4588,0x00000000c4300000)
 Metaspace       used 40965K, committed 42112K, reserved 1114112K
  class space    used 4334K, committed 4864K, reserved 1048576K
}
Event: 8.282 GC heap after
{Heap after GC invocations=18 (full 2):
 PSYoungGen      total 23040K, used 1024K [0x00000000eab00000, 0x00000000ec780000, 0x0000000100000000)
  eden space 22016K, 0% used [0x00000000eab00000,0x00000000eab00000,0x00000000ec080000)
  from space 1024K, 100% used [0x00000000ec680000,0x00000000ec780000,0x00000000ec780000)
  to   space 2560K, 0% used [0x00000000ec280000,0x00000000ec280000,0x00000000ec500000)
 ParOldGen       total 68608K, used 20093K [0x00000000c0000000, 0x00000000c4300000, 0x00000000eab00000)
  object space 68608K, 29% used [0x00000000c0000000,0x00000000c139f598,0x00000000c4300000)
 Metaspace       used 40965K, committed 42112K, reserved 1114112K
  class space    used 4334K, committed 4864K, reserved 1048576K
}
Event: 8.515 GC heap before
{Heap before GC invocations=19 (full 2):
 PSYoungGen      total 23040K, used 23028K [0x00000000eab00000, 0x00000000ec780000, 0x0000000100000000)
  eden space 22016K, 99% used [0x00000000eab00000,0x00000000ec07d1f0,0x00000000ec080000)
  from space 1024K, 100% used [0x00000000ec680000,0x00000000ec780000,0x00000000ec780000)
  to   space 2560K, 0% used [0x00000000ec280000,0x00000000ec280000,0x00000000ec500000)
 ParOldGen       total 68608K, used 20093K [0x00000000c0000000, 0x00000000c4300000, 0x00000000eab00000)
  object space 68608K, 29% used [0x00000000c0000000,0x00000000c139f598,0x00000000c4300000)
 Metaspace       used 43558K, committed 44736K, reserved 1114112K
  class space    used 4645K, committed 5184K, reserved 1048576K
}
Event: 8.517 GC heap after
{Heap after GC invocations=19 (full 2):
 PSYoungGen      total 24576K, used 1232K [0x00000000eab00000, 0x00000000ec700000, 0x0000000100000000)
  eden space 22016K, 0% used [0x00000000eab00000,0x00000000eab00000,0x00000000ec080000)
  from space 2560K, 48% used [0x00000000ec280000,0x00000000ec3b4010,0x00000000ec500000)
  to   space 1536K, 0% used [0x00000000ec580000,0x00000000ec580000,0x00000000ec700000)
 ParOldGen       total 68608K, used 21089K [0x00000000c0000000, 0x00000000c4300000, 0x00000000eab00000)
  object space 68608K, 30% used [0x00000000c0000000,0x00000000c14985c8,0x00000000c4300000)
 Metaspace       used 43558K, committed 44736K, reserved 1114112K
  class space    used 4645K, committed 5184K, reserved 1048576K
}

Dll operation events (10 events):
Event: 0.007 Loaded shared library c:\Users\Designe\.vscode\extensions\redhat.java-1.42.0-win32-x64\jre\21.0.7-win32-x86_64\bin\java.dll
Event: 0.253 Loaded shared library c:\Users\Designe\.vscode\extensions\redhat.java-1.42.0-win32-x64\jre\21.0.7-win32-x86_64\bin\zip.dll
Event: 0.272 Loaded shared library C:\Users\Designe\.vscode\extensions\redhat.java-1.42.0-win32-x64\jre\21.0.7-win32-x86_64\bin\instrument.dll
Event: 0.277 Loaded shared library C:\Users\Designe\.vscode\extensions\redhat.java-1.42.0-win32-x64\jre\21.0.7-win32-x86_64\bin\net.dll
Event: 0.279 Loaded shared library C:\Users\Designe\.vscode\extensions\redhat.java-1.42.0-win32-x64\jre\21.0.7-win32-x86_64\bin\nio.dll
Event: 0.284 Loaded shared library C:\Users\Designe\.vscode\extensions\redhat.java-1.42.0-win32-x64\jre\21.0.7-win32-x86_64\bin\zip.dll
Event: 0.302 Loaded shared library C:\Users\Designe\.vscode\extensions\redhat.java-1.42.0-win32-x64\jre\21.0.7-win32-x86_64\bin\jimage.dll
Event: 0.385 Loaded shared library c:\Users\Designe\.vscode\extensions\redhat.java-1.42.0-win32-x64\jre\21.0.7-win32-x86_64\bin\verify.dll
Event: 1.502 Loaded shared library C:\Users\Designe\AppData\Roaming\Code\User\globalStorage\redhat.java\1.42.0\config_win\org.eclipse.equinox.launcher\org.eclipse.equinox.launcher.win32.win32.x86_64_1.2.1300.v20250331-1702\eclipse_11911.dll
Event: 5.797 Loaded shared library C:\Users\Designe\AppData\Local\Temp\jna--1073279417\jna17704785686361767125.dll

Deoptimization events (20 events):
Event: 8.683 Thread 0x000001f561e99520 DEOPT PACKING pc=0x000001f50ea462a8 sp=0x000000042e3fe690
Event: 8.683 Thread 0x000001f561e99520 DEOPT UNPACKING pc=0x000001f50e4b3aa2 sp=0x000000042e3fe5b8 mode 2
Event: 8.683 Thread 0x000001f561e99520 Uncommon trap: trap_request=0xffffffc6 fr.pc=0x000001f50ea462a8 relative=0x0000000000000648
Event: 8.683 Thread 0x000001f561e99520 Uncommon trap: reason=bimorphic_or_optimized_type_check action=maybe_recompile pc=0x000001f50ea462a8 method=java.util.Comparator.lambda$thenComparing$36697e65$1(Ljava/util/Comparator;Ljava/lang/Object;Ljava/lang/Object;)I @ 3 c2
Event: 8.683 Thread 0x000001f561e99520 DEOPT PACKING pc=0x000001f50ea462a8 sp=0x000000042e3fe690
Event: 8.683 Thread 0x000001f561e99520 DEOPT UNPACKING pc=0x000001f50e4b3aa2 sp=0x000000042e3fe5b8 mode 2
Event: 8.686 Thread 0x000001f561e99520 Uncommon trap: trap_request=0xffffffc6 fr.pc=0x000001f50eb31d14 relative=0x0000000000001094
Event: 8.686 Thread 0x000001f561e99520 Uncommon trap: reason=bimorphic_or_optimized_type_check action=maybe_recompile pc=0x000001f50eb31d14 method=java.util.Properties$LineReader.readLine()I @ 479 c2
Event: 8.686 Thread 0x000001f561e99520 DEOPT PACKING pc=0x000001f50eb31d14 sp=0x000000042e3fe510
Event: 8.686 Thread 0x000001f561e99520 DEOPT UNPACKING pc=0x000001f50e4b3aa2 sp=0x000000042e3fe4a0 mode 2
Event: 8.687 Thread 0x000001f561e99520 DEOPT PACKING pc=0x000001f5079a9686 sp=0x000000042e3fe4b0
Event: 8.688 Thread 0x000001f561e99520 DEOPT UNPACKING pc=0x000001f50e4b4242 sp=0x000000042e3fd9a8 mode 0
Event: 8.689 Thread 0x000001f561e99520 DEOPT PACKING pc=0x000001f5079a9686 sp=0x000000042e3fe4b0
Event: 8.689 Thread 0x000001f561e99520 DEOPT UNPACKING pc=0x000001f50e4b4242 sp=0x000000042e3fd9a8 mode 0
Event: 8.691 Thread 0x000001f561e99520 DEOPT PACKING pc=0x000001f5079a9686 sp=0x000000042e3fe4c0
Event: 8.691 Thread 0x000001f561e99520 DEOPT UNPACKING pc=0x000001f50e4b4242 sp=0x000000042e3fd9b0 mode 0
Event: 8.714 Thread 0x000001f561e99520 DEOPT PACKING pc=0x000001f506fbea55 sp=0x000000042e3fd2e0
Event: 8.714 Thread 0x000001f561e99520 DEOPT UNPACKING pc=0x000001f50e4b4242 sp=0x000000042e3fc7e8 mode 0
Event: 8.759 Thread 0x000001f561e9bc80 DEOPT PACKING pc=0x000001f506fbea55 sp=0x000000042e7fa6b0
Event: 8.759 Thread 0x000001f561e9bc80 DEOPT UNPACKING pc=0x000001f50e4b4242 sp=0x000000042e7f9bb8 mode 0

Classes loaded (20 events):
Event: 8.714 Loading class java/util/concurrent/CompletableFuture$UniAccept
Event: 8.714 Loading class java/util/concurrent/CompletableFuture$UniAccept done
Event: 8.714 Loading class java/util/concurrent/CompletableFuture$UniExceptionally
Event: 8.715 Loading class java/util/concurrent/CompletableFuture$UniExceptionally done
Event: 8.720 Loading class java/util/stream/ReduceOps$1
Event: 8.720 Loading class java/util/stream/ReduceOps$1 done
Event: 8.720 Loading class java/util/stream/ReduceOps$1ReducingSink
Event: 8.721 Loading class java/util/stream/ReduceOps$1ReducingSink done
Event: 8.731 Loading class java/nio/file/InvalidPathException
Event: 8.731 Loading class java/nio/file/InvalidPathException done
Event: 8.743 Loading class java/nio/file/FileAlreadyExistsException
Event: 8.743 Loading class java/nio/file/FileAlreadyExistsException done
Event: 8.744 Loading class java/nio/file/DirectoryNotEmptyException
Event: 8.744 Loading class java/nio/file/DirectoryNotEmptyException done
Event: 8.744 Loading class java/nio/file/StandardCopyOption
Event: 8.745 Loading class java/nio/file/StandardCopyOption done
Event: 8.757 Loading class jdk/internal/reflect/MethodHandleShortFieldAccessorImpl
Event: 8.757 Loading class jdk/internal/reflect/MethodHandleShortFieldAccessorImpl done
Event: 8.757 Loading class java/lang/Short$ShortCache
Event: 8.757 Loading class java/lang/Short$ShortCache done

Classes unloaded (7 events):
Event: 4.417 Thread 0x000001f5024f2c20 Unloading class 0x000001f51a1a3c00 'java/lang/invoke/LambdaForm$MH+0x000001f51a1a3c00'
Event: 4.417 Thread 0x000001f5024f2c20 Unloading class 0x000001f51a1a3800 'java/lang/invoke/LambdaForm$MH+0x000001f51a1a3800'
Event: 4.417 Thread 0x000001f5024f2c20 Unloading class 0x000001f51a1a3400 'java/lang/invoke/LambdaForm$MH+0x000001f51a1a3400'
Event: 4.417 Thread 0x000001f5024f2c20 Unloading class 0x000001f51a1a3000 'java/lang/invoke/LambdaForm$MH+0x000001f51a1a3000'
Event: 4.417 Thread 0x000001f5024f2c20 Unloading class 0x000001f51a1a2c00 'java/lang/invoke/LambdaForm$BMH+0x000001f51a1a2c00'
Event: 4.417 Thread 0x000001f5024f2c20 Unloading class 0x000001f51a1a2800 'java/lang/invoke/LambdaForm$DMH+0x000001f51a1a2800'
Event: 4.417 Thread 0x000001f5024f2c20 Unloading class 0x000001f51a1a1400 'java/lang/invoke/LambdaForm$DMH+0x000001f51a1a1400'

Classes redefined (0 events):
No events

Internal exceptions (20 events):
Event: 8.669 Thread 0x000001f561e99520 Exception <a 'sun/nio/fs/WindowsException'{0x00000000eb5bade0}> (0x00000000eb5bade0) 
thrown [s\src\hotspot\share\prims\jni.cpp, line 520]
Event: 8.670 Thread 0x000001f561e99520 Exception <a 'sun/nio/fs/WindowsException'{0x00000000eb5bc780}> (0x00000000eb5bc780) 
thrown [s\src\hotspot\share\prims\jni.cpp, line 520]
Event: 8.670 Thread 0x000001f561e99520 Exception <a 'sun/nio/fs/WindowsException'{0x00000000eb5bd060}> (0x00000000eb5bd060) 
thrown [s\src\hotspot\share\prims\jni.cpp, line 520]
Event: 8.674 Thread 0x000001f561e99520 Exception <a 'java/lang/NoSuchMethodError'{0x00000000eb5fe000}: 'void java.lang.invoke.DirectMethodHandle$Holder.invokeVirtual(java.lang.Object, java.lang.Object, java.lang.Object, java.lang.Object)'> (0x00000000eb5fe000) 
thrown [s\src\hotspot\share\interpreter\linkResolver.cpp, line 773]
Event: 8.676 Thread 0x000001f561e99520 Exception <a 'sun/nio/fs/WindowsException'{0x00000000eb627598}> (0x00000000eb627598) 
thrown [s\src\hotspot\share\prims\jni.cpp, line 520]
Event: 8.676 Thread 0x000001f561e99520 Exception <a 'sun/nio/fs/WindowsException'{0x00000000eb627bc8}> (0x00000000eb627bc8) 
thrown [s\src\hotspot\share\prims\jni.cpp, line 520]
Event: 8.677 Thread 0x000001f561e99520 Exception <a 'sun/nio/fs/WindowsException'{0x00000000eb62ad88}> (0x00000000eb62ad88) 
thrown [s\src\hotspot\share\prims\jni.cpp, line 520]
Event: 8.677 Thread 0x000001f561e99520 Exception <a 'sun/nio/fs/WindowsException'{0x00000000eb62b3b8}> (0x00000000eb62b3b8) 
thrown [s\src\hotspot\share\prims\jni.cpp, line 520]
Event: 8.693 Thread 0x000001f561e99520 Exception <a 'sun/nio/fs/WindowsException'{0x00000000eb7282d0}> (0x00000000eb7282d0) 
thrown [s\src\hotspot\share\prims\jni.cpp, line 520]
Event: 8.693 Thread 0x000001f561e99520 Exception <a 'sun/nio/fs/WindowsException'{0x00000000eb728de8}> (0x00000000eb728de8) 
thrown [s\src\hotspot\share\prims\jni.cpp, line 520]
Event: 8.693 Thread 0x000001f561e99520 Exception <a 'sun/nio/fs/WindowsException'{0x00000000eb7328a0}> (0x00000000eb7328a0) 
thrown [s\src\hotspot\share\prims\jni.cpp, line 520]
Event: 8.693 Thread 0x000001f561e99520 Exception <a 'sun/nio/fs/WindowsException'{0x00000000eb733180}> (0x00000000eb733180) 
thrown [s\src\hotspot\share\prims\jni.cpp, line 520]
Event: 8.694 Thread 0x000001f561e99520 Exception <a 'sun/nio/fs/WindowsException'{0x00000000eb734d20}> (0x00000000eb734d20) 
thrown [s\src\hotspot\share\prims\jni.cpp, line 520]
Event: 8.694 Thread 0x000001f561e99520 Exception <a 'sun/nio/fs/WindowsException'{0x00000000eb735870}> (0x00000000eb735870) 
thrown [s\src\hotspot\share\prims\jni.cpp, line 520]
Event: 8.694 Thread 0x000001f561e99520 Exception <a 'sun/nio/fs/WindowsException'{0x00000000eb746068}> (0x00000000eb746068) 
thrown [s\src\hotspot\share\prims\jni.cpp, line 520]
Event: 8.694 Thread 0x000001f561e99520 Exception <a 'sun/nio/fs/WindowsException'{0x00000000eb746698}> (0x00000000eb746698) 
thrown [s\src\hotspot\share\prims\jni.cpp, line 520]
Event: 8.695 Thread 0x000001f561e99520 Exception <a 'sun/nio/fs/WindowsException'{0x00000000eb747478}> (0x00000000eb747478) 
thrown [s\src\hotspot\share\prims\jni.cpp, line 520]
Event: 8.695 Thread 0x000001f561e99520 Exception <a 'sun/nio/fs/WindowsException'{0x00000000eb747aa8}> (0x00000000eb747aa8) 
thrown [s\src\hotspot\share\prims\jni.cpp, line 520]
Event: 8.712 Thread 0x000001f561e99520 Exception <a 'java/lang/IncompatibleClassChangeError'{0x00000000eb7e4028}: Found class java.lang.Object, but interface was expected> (0x00000000eb7e4028) 
thrown [s\src\hotspot\share\interpreter\linkResolver.cpp, line 840]
Event: 8.725 Thread 0x000001f561e9bc80 Exception <a 'java/lang/NoSuchMethodError'{0x00000000eb9f8038}: 'java.lang.Object java.lang.invoke.DirectMethodHandle$Holder.invokeStaticInit(java.lang.Object, java.lang.Object, java.lang.Object)'> (0x00000000eb9f8038) 
thrown [s\src\hotspot\share\interpreter\linkResolver.cpp, line 773]

ZGC Phase Switch (0 events):
No events

VM Operations (20 events):
Event: 8.097 Executing VM operation: HandshakeAllThreads (Deoptimize)
Event: 8.098 Executing VM operation: HandshakeAllThreads (Deoptimize) done
Event: 8.098 Executing VM operation: ParallelGCFailedAllocation (Allocation Failure)
Event: 8.099 Executing VM operation: ParallelGCFailedAllocation (Allocation Failure) done
Event: 8.128 Executing VM operation: HandshakeAllThreads (Deoptimize)
Event: 8.128 Executing VM operation: HandshakeAllThreads (Deoptimize) done
Event: 8.220 Executing VM operation: HandshakeAllThreads (Deoptimize)
Event: 8.220 Executing VM operation: HandshakeAllThreads (Deoptimize) done
Event: 8.281 Executing VM operation: ParallelGCFailedAllocation (Allocation Failure)
Event: 8.282 Executing VM operation: ParallelGCFailedAllocation (Allocation Failure) done
Event: 8.481 Executing VM operation: HandshakeAllThreads (Deoptimize)
Event: 8.481 Executing VM operation: HandshakeAllThreads (Deoptimize) done
Event: 8.494 Executing VM operation: ICBufferFull
Event: 8.494 Executing VM operation: ICBufferFull done
Event: 8.515 Executing VM operation: ParallelGCFailedAllocation (Allocation Failure)
Event: 8.517 Executing VM operation: ParallelGCFailedAllocation (Allocation Failure) done
Event: 8.649 Executing VM operation: HandshakeAllThreads (Deoptimize)
Event: 8.650 Executing VM operation: HandshakeAllThreads (Deoptimize) done
Event: 8.651 Executing VM operation: HandshakeAllThreads (Deoptimize)
Event: 8.651 Executing VM operation: HandshakeAllThreads (Deoptimize) done

Memory protections (0 events):
No events

Nmethod flushes (20 events):
Event: 7.685 Thread 0x000001f5024f2c20 flushing  nmethod 0x000001f507588910
Event: 7.685 Thread 0x000001f5024f2c20 flushing  nmethod 0x000001f507588d10
Event: 7.685 Thread 0x000001f5024f2c20 flushing  nmethod 0x000001f507589d90
Event: 7.685 Thread 0x000001f5024f2c20 flushing  nmethod 0x000001f50758b690
Event: 7.685 Thread 0x000001f5024f2c20 flushing  nmethod 0x000001f50758c510
Event: 7.685 Thread 0x000001f5024f2c20 flushing  nmethod 0x000001f507595510
Event: 7.685 Thread 0x000001f5024f2c20 flushing  nmethod 0x000001f507596090
Event: 7.685 Thread 0x000001f5024f2c20 flushing  nmethod 0x000001f507597b10
Event: 7.685 Thread 0x000001f5024f2c20 flushing  nmethod 0x000001f5075af590
Event: 7.685 Thread 0x000001f5024f2c20 flushing  nmethod 0x000001f5075b8510
Event: 7.685 Thread 0x000001f5024f2c20 flushing  nmethod 0x000001f5075c1e90
Event: 7.685 Thread 0x000001f5024f2c20 flushing  nmethod 0x000001f5075c5490
Event: 7.685 Thread 0x000001f5024f2c20 flushing  nmethod 0x000001f507616a10
Event: 7.685 Thread 0x000001f5024f2c20 flushing  nmethod 0x000001f507617d90
Event: 7.685 Thread 0x000001f5024f2c20 flushing  nmethod 0x000001f50764e410
Event: 7.685 Thread 0x000001f5024f2c20 flushing  nmethod 0x000001f507687490
Event: 7.685 Thread 0x000001f5024f2c20 flushing  nmethod 0x000001f5076b8d90
Event: 7.685 Thread 0x000001f5024f2c20 flushing  nmethod 0x000001f5076caa90
Event: 7.685 Thread 0x000001f5024f2c20 flushing  nmethod 0x000001f5076cae90
Event: 7.685 Thread 0x000001f5024f2c20 flushing  nmethod 0x000001f5076cb710

Events (20 events):
Event: 7.564 Thread 0x000001f5024510f0 Thread added: 0x000001f56015fc60
Event: 7.564 Thread 0x000001f5024510f0 Thread added: 0x000001f5601616a0
Event: 7.564 Thread 0x000001f5024510f0 Thread added: 0x000001f560165ed0
Event: 7.564 Thread 0x000001f5024510f0 Thread added: 0x000001f560164b20
Event: 7.564 Thread 0x000001f5024510f0 Thread added: 0x000001f560166bf0
Event: 7.564 Thread 0x000001f5024510f0 Thread added: 0x000001f560161d30
Event: 7.564 Thread 0x000001f5024510f0 Thread added: 0x000001f560163770
Event: 7.564 Thread 0x000001f5024510f0 Thread added: 0x000001f5601651b0
Event: 7.564 Thread 0x000001f5024510f0 Thread added: 0x000001f560165840
Event: 7.564 Thread 0x000001f5024510f0 Thread added: 0x000001f560167280
Event: 7.564 Thread 0x000001f5024510f0 Thread added: 0x000001f5601602f0
Event: 7.565 Thread 0x000001f5024510f0 Thread added: 0x000001f560160980
Event: 7.579 Thread 0x000001f5024510f0 Thread added: 0x000001f560161010
Event: 7.662 Thread 0x000001f5024510f0 Thread added: 0x000001f5601630e0
Event: 7.663 Thread 0x000001f5024510f0 Thread added: 0x000001f561e99520
Event: 8.714 Thread 0x000001f561e99520 Thread added: 0x000001f561e9f100
Event: 8.715 Thread 0x000001f561e99520 Thread added: 0x000001f561e99bb0
Event: 8.715 Thread 0x000001f561e99bb0 Thread added: 0x000001f561e9d6c0
Event: 8.715 Thread 0x000001f561e9d6c0 Thread added: 0x000001f561e9bc80
Event: 8.716 Thread 0x000001f561e9bc80 Thread added: 0x000001f561e9a240


Dynamic libraries:
0x00007ff73b9b0000 - 0x00007ff73b9be000 	c:\Users\Designe\.vscode\extensions\redhat.java-1.42.0-win32-x64\jre\21.0.7-win32-x86_64\bin\java.exe
0x00007ffd138d0000 - 0x00007ffd13ae7000 	C:\WINDOWS\SYSTEM32\ntdll.dll
0x00007ffd128c0000 - 0x00007ffd12984000 	C:\WINDOWS\System32\KERNEL32.DLL
0x00007ffd11100000 - 0x00007ffd114d3000 	C:\WINDOWS\System32\KERNELBASE.dll
0x00007ffd10cb0000 - 0x00007ffd10dc1000 	C:\WINDOWS\System32\ucrtbase.dll
0x00007ffcf5550000 - 0x00007ffcf5568000 	c:\Users\Designe\.vscode\extensions\redhat.java-1.42.0-win32-x64\jre\21.0.7-win32-x86_64\bin\jli.dll
0x00007ffcf5270000 - 0x00007ffcf528e000 	c:\Users\Designe\.vscode\extensions\redhat.java-1.42.0-win32-x64\jre\21.0.7-win32-x86_64\bin\VCRUNTIME140.dll
0x00007ffd12aa0000 - 0x00007ffd12c51000 	C:\WINDOWS\System32\USER32.dll
0x00007ffcf76a0000 - 0x00007ffcf793b000 	C:\WINDOWS\WinSxS\amd64_microsoft.windows.common-controls_6595b64144ccf1df_6.0.22621.5262_none_2712bde373830908\COMCTL32.dll
0x00007ffd109c0000 - 0x00007ffd109e6000 	C:\WINDOWS\System32\win32u.dll
0x00007ffd12c60000 - 0x00007ffd12d07000 	C:\WINDOWS\System32\msvcrt.dll
0x00007ffd124d0000 - 0x00007ffd124f9000 	C:\WINDOWS\System32\GDI32.dll
0x00007ffd10dd0000 - 0x00007ffd10ef2000 	C:\WINDOWS\System32\gdi32full.dll
0x00007ffd10aa0000 - 0x00007ffd10b3a000 	C:\WINDOWS\System32\msvcp_win.dll
0x00007ffd125d0000 - 0x00007ffd12601000 	C:\WINDOWS\System32\IMM32.DLL
0x00007ffcf6030000 - 0x00007ffcf603c000 	c:\Users\Designe\.vscode\extensions\redhat.java-1.42.0-win32-x64\jre\21.0.7-win32-x86_64\bin\vcruntime140_1.dll
0x00007ffce6000000 - 0x00007ffce608d000 	c:\Users\Designe\.vscode\extensions\redhat.java-1.42.0-win32-x64\jre\21.0.7-win32-x86_64\bin\msvcp140.dll
0x00007ffc94c50000 - 0x00007ffc959e0000 	c:\Users\Designe\.vscode\extensions\redhat.java-1.42.0-win32-x64\jre\21.0.7-win32-x86_64\bin\server\jvm.dll
0x00007ffd13070000 - 0x00007ffd13121000 	C:\WINDOWS\System32\ADVAPI32.dll
0x00007ffd137e0000 - 0x00007ffd13887000 	C:\WINDOWS\System32\sechost.dll
0x00007ffd10a70000 - 0x00007ffd10a98000 	C:\WINDOWS\System32\bcrypt.dll
0x00007ffd12d10000 - 0x00007ffd12e24000 	C:\WINDOWS\System32\RPCRT4.dll
0x00007ffd11670000 - 0x00007ffd116e1000 	C:\WINDOWS\System32\WS2_32.dll
0x00007ffd0f850000 - 0x00007ffd0f89d000 	C:\WINDOWS\SYSTEM32\POWRPROF.dll
0x00007ffd0b900000 - 0x00007ffd0b90a000 	C:\WINDOWS\SYSTEM32\VERSION.dll
0x00007ffd02990000 - 0x00007ffd029c4000 	C:\WINDOWS\SYSTEM32\WINMM.dll
0x00007ffd0f830000 - 0x00007ffd0f843000 	C:\WINDOWS\SYSTEM32\UMPDC.dll
0x00007ffd0faf0000 - 0x00007ffd0fb08000 	C:\WINDOWS\SYSTEM32\kernel.appcore.dll
0x00007ffcf5c90000 - 0x00007ffcf5c9a000 	c:\Users\Designe\.vscode\extensions\redhat.java-1.42.0-win32-x64\jre\21.0.7-win32-x86_64\bin\jimage.dll
0x00007ffd0e430000 - 0x00007ffd0e662000 	C:\WINDOWS\SYSTEM32\DBGHELP.DLL
0x00007ffd116f0000 - 0x00007ffd11a83000 	C:\WINDOWS\System32\combase.dll
0x00007ffd129b0000 - 0x00007ffd12a87000 	C:\WINDOWS\System32\OLEAUT32.dll
0x00007ffcee300000 - 0x00007ffcee332000 	C:\WINDOWS\SYSTEM32\dbgcore.DLL
0x00007ffd114e0000 - 0x00007ffd1155b000 	C:\WINDOWS\System32\bcryptPrimitives.dll
0x00007ffcf5540000 - 0x00007ffcf554f000 	c:\Users\Designe\.vscode\extensions\redhat.java-1.42.0-win32-x64\jre\21.0.7-win32-x86_64\bin\instrument.dll
0x00007ffcf5040000 - 0x00007ffcf505f000 	c:\Users\Designe\.vscode\extensions\redhat.java-1.42.0-win32-x64\jre\21.0.7-win32-x86_64\bin\java.dll
0x00007ffd11c30000 - 0x00007ffd124cd000 	C:\WINDOWS\System32\SHELL32.dll
0x00007ffd10fc0000 - 0x00007ffd110ff000 	C:\WINDOWS\System32\wintypes.dll
0x00007ffd0e910000 - 0x00007ffd0f22d000 	C:\WINDOWS\SYSTEM32\windows.storage.dll
0x00007ffd11a90000 - 0x00007ffd11b9b000 	C:\WINDOWS\System32\SHCORE.dll
0x00007ffd127e0000 - 0x00007ffd12846000 	C:\WINDOWS\System32\shlwapi.dll
0x00007ffd108f0000 - 0x00007ffd1091b000 	C:\WINDOWS\SYSTEM32\profapi.dll
0x00007ffcf4ea0000 - 0x00007ffcf4eb8000 	c:\Users\Designe\.vscode\extensions\redhat.java-1.42.0-win32-x64\jre\21.0.7-win32-x86_64\bin\zip.dll
0x00007ffcf4ff0000 - 0x00007ffcf5000000 	C:\Users\Designe\.vscode\extensions\redhat.java-1.42.0-win32-x64\jre\21.0.7-win32-x86_64\bin\net.dll
0x00007ffd0b630000 - 0x00007ffd0b75c000 	C:\WINDOWS\SYSTEM32\WINHTTP.dll
0x00007ffd0ff70000 - 0x00007ffd0ffda000 	C:\WINDOWS\system32\mswsock.dll
0x00007ffcf4e80000 - 0x00007ffcf4e96000 	C:\Users\Designe\.vscode\extensions\redhat.java-1.42.0-win32-x64\jre\21.0.7-win32-x86_64\bin\nio.dll
0x00007ffcf4e70000 - 0x00007ffcf4e80000 	c:\Users\Designe\.vscode\extensions\redhat.java-1.42.0-win32-x64\jre\21.0.7-win32-x86_64\bin\verify.dll
0x00007ffce5f40000 - 0x00007ffce5f85000 	C:\Users\Designe\AppData\Roaming\Code\User\globalStorage\redhat.java\1.42.0\config_win\org.eclipse.equinox.launcher\org.eclipse.equinox.launcher.win32.win32.x86_64_1.2.1300.v20250331-1702\eclipse_11911.dll
0x00007ffd12e30000 - 0x00007ffd12fd1000 	C:\WINDOWS\System32\ole32.dll
0x00007ffd101d0000 - 0x00007ffd101eb000 	C:\WINDOWS\SYSTEM32\CRYPTSP.dll
0x00007ffd0fa50000 - 0x00007ffd0fa87000 	C:\WINDOWS\system32\rsaenh.dll
0x00007ffd10060000 - 0x00007ffd10088000 	C:\WINDOWS\SYSTEM32\USERENV.dll
0x00007ffd101c0000 - 0x00007ffd101cc000 	C:\WINDOWS\SYSTEM32\CRYPTBASE.dll
0x00007ffd0f540000 - 0x00007ffd0f56d000 	C:\WINDOWS\SYSTEM32\IPHLPAPI.DLL
0x00007ffd13130000 - 0x00007ffd13139000 	C:\WINDOWS\System32\NSI.dll
0x00007ffce5e50000 - 0x00007ffce5e99000 	C:\Users\Designe\AppData\Local\Temp\jna--1073279417\jna17704785686361767125.dll
0x00007ffd12a90000 - 0x00007ffd12a98000 	C:\WINDOWS\System32\PSAPI.DLL
0x00007ffd0c0b0000 - 0x00007ffd0c0c9000 	C:\WINDOWS\SYSTEM32\dhcpcsvc6.DLL
0x00007ffd0b910000 - 0x00007ffd0b92f000 	C:\WINDOWS\SYSTEM32\dhcpcsvc.DLL

dbghelp: loaded successfully - version: 4.0.5 - missing functions: none
symbol engine: initialized successfully - sym options: 0x614 - pdb path: .;c:\Users\Designe\.vscode\extensions\redhat.java-1.42.0-win32-x64\jre\21.0.7-win32-x86_64\bin;C:\WINDOWS\SYSTEM32;C:\WINDOWS\WinSxS\amd64_microsoft.windows.common-controls_6595b64144ccf1df_6.0.22621.5262_none_2712bde373830908;c:\Users\Designe\.vscode\extensions\redhat.java-1.42.0-win32-x64\jre\21.0.7-win32-x86_64\bin\server;C:\Users\Designe\AppData\Roaming\Code\User\globalStorage\redhat.java\1.42.0\config_win\org.eclipse.equinox.launcher\org.eclipse.equinox.launcher.win32.win32.x86_64_1.2.1300.v20250331-1702;C:\Users\Designe\AppData\Local\Temp\jna--1073279417

VM Arguments:
jvm_args: --add-modules=ALL-SYSTEM --add-opens=java.base/java.util=ALL-UNNAMED --add-opens=java.base/java.lang=ALL-UNNAMED --add-opens=java.base/sun.nio.fs=ALL-UNNAMED -Declipse.application=org.eclipse.jdt.ls.core.id1 -Dosgi.bundles.defaultStartLevel=4 -Declipse.product=org.eclipse.jdt.ls.core.product -Djava.import.generatesMetadataFilesAtProjectRoot=false -DDetectVMInstallationsJob.disabled=true -Dfile.encoding=utf8 -XX:+UseParallelGC -XX:GCTimeRatio=4 -XX:AdaptiveSizePolicyWeight=90 -Dsun.zip.disableMemoryMapping=true -Xmx1G -Xms100m -Xlog:disable -javaagent:c:\Users\Designe\.vscode\extensions\redhat.java-1.42.0-win32-x64\lombok\lombok-1.18.36.jar -XX:+HeapDumpOnOutOfMemoryError -XX:HeapDumpPath=c:\Users\Designe\AppData\Roaming\Code\User\workspaceStorage\6efcd2d1822e5b16af213a956b87a69c\redhat.java -Daether.dependencyCollector.impl=bf 
java_command: c:\Users\Designe\.vscode\extensions\redhat.java-1.42.0-win32-x64\server\plugins\org.eclipse.equinox.launcher_1.7.0.v20250424-1814.jar -configuration c:\Users\Designe\AppData\Roaming\Code\User\globalStorage\redhat.java\1.42.0\config_win -data c:\Users\Designe\AppData\Roaming\Code\User\workspaceStorage\6efcd2d1822e5b16af213a956b87a69c\redhat.java\jdt_ws --pipe=\\.\pipe\lsp-8528515eda329ecfd4bc7ea40d83011b-sock
java_class_path (initial): c:\Users\Designe\.vscode\extensions\redhat.java-1.42.0-win32-x64\server\plugins\org.eclipse.equinox.launcher_1.7.0.v20250424-1814.jar
Launcher Type: SUN_STANDARD

[Global flags]
    uintx AdaptiveSizePolicyWeight                 = 90                                        {product} {command line}
     intx CICompilerCount                          = 4                                         {product} {ergonomic}
    uintx GCTimeRatio                              = 4                                         {product} {command line}
     bool HeapDumpOnOutOfMemoryError               = true                                   {manageable} {command line}
    ccstr HeapDumpPath                             = c:\Users\Designe\AppData\Roaming\Code\User\workspaceStorage\6efcd2d1822e5b16af213a956b87a69c\redhat.java         {manageable} {command line}
   size_t InitialHeapSize                          = 104857600                                 {product} {command line}
   size_t MaxHeapSize                              = 1073741824                                {product} {command line}
   size_t MaxNewSize                               = 357564416                                 {product} {ergonomic}
   size_t MinHeapDeltaBytes                        = 524288                                    {product} {ergonomic}
   size_t MinHeapSize                              = 104857600                                 {product} {command line}
   size_t NewSize                                  = 34603008                                  {product} {ergonomic}
    uintx NonNMethodCodeHeapSize                   = 5839372                                {pd product} {ergonomic}
    uintx NonProfiledCodeHeapSize                  = 122909434                              {pd product} {ergonomic}
   size_t OldSize                                  = 70254592                                  {product} {ergonomic}
    uintx ProfiledCodeHeapSize                     = 122909434                              {pd product} {ergonomic}
    uintx ReservedCodeCacheSize                    = 251658240                              {pd product} {ergonomic}
     bool SegmentedCodeCache                       = true                                      {product} {ergonomic}
   size_t SoftMaxHeapSize                          = 1073741824                             {manageable} {ergonomic}
     bool UseCompressedOops                        = true                           {product lp64_product} {ergonomic}
     bool UseLargePagesIndividualAllocation        = false                                  {pd product} {ergonomic}
     bool UseParallelGC                            = true                                      {product} {command line}

Logging:
Log output configuration:
 #0: stdout all=off uptime,level,tags foldmultilines=false
 #1: stderr all=off uptime,level,tags foldmultilines=false

Environment Variables:
CLASSPATH=.;C:\PROGRA~1\IBM\SQLLIB\java\db2java.zip;C:\PROGRA~1\IBM\SQLLIB\java\db2jcc.jar;C:\PROGRA~1\IBM\SQLLIB\java\DB2JCC~1.JAR;C:\PROGRA~1\IBM\SQLLIB\BIN
PATH=C:\Program Files\Common Files\Oracle\Java\javapath;C:\Python313\Scripts\;C:\Python313\;D:\oracle\product\10.2.0\client_1\bin;D:\oracle\product\10.2.0\client_7\bin;D:\oracle\product\10.2.0\client_6\bin;D:\oracle\product\10.2.0\client_5\bin;C:\Program Files (x86)\Common Files\Oracle\Java\java8path;C:\Program Files (x86)\Common Files\Oracle\Java\javapath;D:\oracle\product\10.2.0\client_4\bin;C:\Pasta de arquivo WINT\bin;D:\oracle\product\10.2.0\client_2\bin;C:\CISS\jre8\x86\bin;C:\CISS\jre8\x86\bin\client;C:\CISS\jre8\x86\bin\client\jvm.dll;C:\Program Files (x86)\IBM\gsk8\bin;C:\Program Files (x86)\IBM\gsk8\lib;C:\Program Files\IBM\gsk8\bin;C:\Program Files\IBM\gsk8\lib64;D:\oracle\product\10.2.0\client_3\bin;C:\Windows\system32;C:\Windows;C:\Windows\System32\Wbem;C:\Windows\System32\WindowsPowerShell\v1.0\;C:\Windows\System32\OpenSSH\;C:\Program Files (x86)\NVIDIA Corporation\PhysX\Common;C:\Program Files\NVIDIA Corporation\NVIDIA NvDLISR;C:\WINDOWS\system32;C:\WINDOWS;C:\WINDOWS\System32\Wbem;C:\WINDOWS\System32\WindowsPowerShell\v1.0\;C:\WINDOWS\System32\OpenSSH\;C:\Program Files\dotnet\;C:\PROGRA~1\IBM\SQLLIB\BIN;C:\PROGRA~1\IBM\SQLLIB\FUNCTION;C:\Program Files\nodejs\;C:\ProgramData\chocolatey\bin;C:\Program Files\PuTTY\;C:\Program Files\PowerShell\7\;C:\Program Files\PowerShell\7-preview\preview;C:\Users\Designe\AppData\Local\Microsoft\WindowsApps;C:\Users\Designe\AppData\Local\Programs\Microsoft VS Code\bin;C:\Users\Designe\AppData\Roaming\npm
USERNAME=Designe
OS=Windows_NT
PROCESSOR_IDENTIFIER=Intel64 Family 6 Model 165 Stepping 3, GenuineIntel
TMP=C:\Users\Designe\AppData\Local\Temp
TEMP=C:\Users\Designe\AppData\Local\Temp




Periodic native trim disabled

---------------  S Y S T E M  ---------------

OS:
 Windows 11 , 64 bit Build 22621 (10.0.22621.5262)
OS uptime: 0 days 4:55 hours

CPU: total 12 (initial active 12) (6 cores per cpu, 2 threads per core) family 6 model 165 stepping 3 microcode 0xf0, cx8, cmov, fxsr, ht, mmx, 3dnowpref, sse, sse2, sse3, ssse3, sse4.1, sse4.2, popcnt, lzcnt, tsc, tscinvbit, avx, avx2, aes, erms, clmul, bmi1, bmi2, adx, fma, vzeroupper, clflush, clflushopt, rdtscp, f16c
Processor Information for the first 12 processors :
  Max Mhz: 2901, Current Mhz: 2901, Mhz Limit: 2901

Memory: 4k page, system-wide physical 7854M (373M free)
TotalPageFile size 32430M (AvailPageFile size 4M)
current process WorkingSet (physical memory assigned to process): 200M, peak: 204M
current process commit charge ("private bytes"): 294M, peak: 298M

vm_info: OpenJDK 64-Bit Server VM (21.0.7+6-LTS) for windows-amd64 JRE (21.0.7+6-LTS), built on 2025-04-15T00:00:00Z by "admin" with MS VC++ 17.7 (VS2022)

END.
